This file contains any messages produced by compilers while
running configure, to aid debugging if configure makes a mistake.

It was created by libgloss configure LIBGLOSS_VERSION, which was
generated by GNU Autoconf 2.68.  Invocation command line was

  $ /home/xedac/riku-newlib/newlib-2.5.0.20171222/libgloss/configure --srcdir=../../../newlib-2.5.0.20171222/libgloss --cache-file=./config.cache --with-newlib --with-cross-host=x86_64-pc-linux-gnu --prefix=/usr --disable-multilib --program-transform-name=s&^&x86_64-riku-& --disable-option-checking --with-target-subdir=x86_64-riku --build=x86_64-pc-linux-gnu --host=x86_64-riku --target=x86_64-riku

## --------- ##
## Platform. ##
## --------- ##

hostname = PC-Quentin
uname -m = x86_64
uname -r = 5.15.153.1-microsoft-standard-WSL2
uname -s = Linux
uname -v = #1 SMP Fri Mar 29 23:14:13 UTC 2024

/usr/bin/uname -p = x86_64
/bin/uname -X     = unknown

/bin/arch              = x86_64
/usr/bin/arch -k       = unknown
/usr/convex/getsysinfo = unknown
/usr/bin/hostinfo      = unknown
/bin/machine           = unknown
/usr/bin/oslevel       = unknown
/bin/universe          = unknown

PATH: /home/xedac/bin/bin
PATH: /home/xedac/bin
PATH: /usr/local/sbin
PATH: /usr/local/bin
PATH: /usr/sbin
PATH: /usr/bin
PATH: /sbin
PATH: /bin
PATH: /usr/games
PATH: /usr/local/games
PATH: /snap/bin
PATH: /mnt/c/Users/Quentin/AppData/Local/Programs/Microsoft VS Code/bin/
PATH: /mnt/c/Users/Quentin/AppData/Local/Programs/Microsoft VS Code/bin/
PATH: /mnt/c/Users/Quentin/AppData/Local/Programs/Microsoft VS Code/bin/


## ----------- ##
## Core tests. ##
## ----------- ##

configure:1737: creating cache ./config.cache
configure:1869: checking for a BSD-compatible install
configure:1937: result: /usr/bin/install -c
configure:1953: checking build system type
configure:1967: result: x86_64-pc-linux-gnu
configure:1987: checking host system type
configure:2000: result: x86_64-pc-riku
configure:2020: checking target system type
configure:2033: result: x86_64-pc-riku
configure:2061: checking whether build environment is sane
configure:2098: result: yes
configure:2160: checking for gawk
configure:2187: result: gawk
configure:2198: checking whether make sets $(MAKE)
configure:2220: result: yes
configure:2285: checking for x86_64-riku-strip
configure:2312: result: x86_64-riku-strip
configure:2609: checking for style of include used by make
configure:2637: result: GNU
configure:2664: checking for gcc
configure:2691: result: x86_64-riku-cc -B/home/xedac/riku-newlib/build-newlib/x86_64-riku/newlib/ -isystem /home/xedac/riku-newlib/build-newlib/x86_64-riku/newlib/targ-include -isystem /home/xedac/riku-newlib/newlib-2.5.0.20171222/newlib/libc/include -B/home/xedac/riku-newlib/build-newlib/x86_64-riku/libgloss/x86_64 -L/home/xedac/riku-newlib/build-newlib/x86_64-riku/libgloss/libnosys -L/home/xedac/riku-newlib/newlib-2.5.0.20171222/libgloss/x86_64   
configure:2702: checking dependency style of x86_64-riku-cc -B/home/xedac/riku-newlib/build-newlib/x86_64-riku/newlib/ -isystem /home/xedac/riku-newlib/build-newlib/x86_64-riku/newlib/targ-include -isystem /home/xedac/riku-newlib/newlib-2.5.0.20171222/newlib/libc/include -B/home/xedac/riku-newlib/build-newlib/x86_64-riku/libgloss/x86_64 -L/home/xedac/riku-newlib/build-newlib/x86_64-riku/libgloss/libnosys -L/home/xedac/riku-newlib/newlib-2.5.0.20171222/libgloss/x86_64   
configure:2792: result: gcc3
configure:2867: checking whether we are using GNU C
configure:2878: x86_64-riku-cc -B/home/xedac/riku-newlib/build-newlib/x86_64-riku/newlib/ -isystem /home/xedac/riku-newlib/build-newlib/x86_64-riku/newlib/targ-include -isystem /home/xedac/riku-newlib/newlib-2.5.0.20171222/newlib/libc/include -B/home/xedac/riku-newlib/build-newlib/x86_64-riku/libgloss/x86_64 -L/home/xedac/riku-newlib/build-newlib/x86_64-riku/libgloss/libnosys -L/home/xedac/riku-newlib/newlib-2.5.0.20171222/libgloss/x86_64    -E conftest.c
configure:2881: $? = 0
configure:2888: result: yes
configure:2898: checking whether x86_64-riku-cc -B/home/xedac/riku-newlib/build-newlib/x86_64-riku/newlib/ -isystem /home/xedac/riku-newlib/build-newlib/x86_64-riku/newlib/targ-include -isystem /home/xedac/riku-newlib/newlib-2.5.0.20171222/newlib/libc/include -B/home/xedac/riku-newlib/build-newlib/x86_64-riku/libgloss/x86_64 -L/home/xedac/riku-newlib/build-newlib/x86_64-riku/libgloss/libnosys -L/home/xedac/riku-newlib/newlib-2.5.0.20171222/libgloss/x86_64    accepts -g
configure:2918: x86_64-riku-cc -B/home/xedac/riku-newlib/build-newlib/x86_64-riku/newlib/ -isystem /home/xedac/riku-newlib/build-newlib/x86_64-riku/newlib/targ-include -isystem /home/xedac/riku-newlib/newlib-2.5.0.20171222/newlib/libc/include -B/home/xedac/riku-newlib/build-newlib/x86_64-riku/libgloss/x86_64 -L/home/xedac/riku-newlib/build-newlib/x86_64-riku/libgloss/libnosys -L/home/xedac/riku-newlib/newlib-2.5.0.20171222/libgloss/x86_64    -c -g  conftest.c >&5
configure:2918: $? = 0
configure: failed program was:
| /* confdefs.h */
| #define PACKAGE_NAME "libgloss"
| #define PACKAGE_TARNAME "libgloss"
| #define PACKAGE_VERSION "LIBGLOSS_VERSION"
| #define PACKAGE_STRING "libgloss LIBGLOSS_VERSION"
| #define PACKAGE_BUGREPORT ""
| #define PACKAGE_URL ""
| /* end confdefs.h.  */
| 
| int
| main ()
| {
| 
|   ;
|   return 0;
| }
configure:2933: x86_64-riku-cc -B/home/xedac/riku-newlib/build-newlib/x86_64-riku/newlib/ -isystem /home/xedac/riku-newlib/build-newlib/x86_64-riku/newlib/targ-include -isystem /home/xedac/riku-newlib/newlib-2.5.0.20171222/newlib/libc/include -B/home/xedac/riku-newlib/build-newlib/x86_64-riku/libgloss/x86_64 -L/home/xedac/riku-newlib/build-newlib/x86_64-riku/libgloss/libnosys -L/home/xedac/riku-newlib/newlib-2.5.0.20171222/libgloss/x86_64    -c   conftest.c >&5
configure:2933: $? = 0
configure: failed program was:
| /* confdefs.h */
| #define PACKAGE_NAME "libgloss"
| #define PACKAGE_TARNAME "libgloss"
| #define PACKAGE_VERSION "LIBGLOSS_VERSION"
| #define PACKAGE_STRING "libgloss LIBGLOSS_VERSION"
| #define PACKAGE_BUGREPORT ""
| #define PACKAGE_URL ""
| /* end confdefs.h.  */
| 
| int
| main ()
| {
| 
|   ;
|   return 0;
| }
configure:2949: x86_64-riku-cc -B/home/xedac/riku-newlib/build-newlib/x86_64-riku/newlib/ -isystem /home/xedac/riku-newlib/build-newlib/x86_64-riku/newlib/targ-include -isystem /home/xedac/riku-newlib/newlib-2.5.0.20171222/newlib/libc/include -B/home/xedac/riku-newlib/build-newlib/x86_64-riku/libgloss/x86_64 -L/home/xedac/riku-newlib/build-newlib/x86_64-riku/libgloss/libnosys -L/home/xedac/riku-newlib/newlib-2.5.0.20171222/libgloss/x86_64    -c -g  conftest.c >&5
configure:2949: $? = 0
configure: failed program was:
| /* confdefs.h */
| #define PACKAGE_NAME "libgloss"
| #define PACKAGE_TARNAME "libgloss"
| #define PACKAGE_VERSION "LIBGLOSS_VERSION"
| #define PACKAGE_STRING "libgloss LIBGLOSS_VERSION"
| #define PACKAGE_BUGREPORT ""
| #define PACKAGE_URL ""
| /* end confdefs.h.  */
| 
| int
| main ()
| {
| 
|   ;
|   return 0;
| }
configure:2959: result: no
configure:2992: checking for ar
configure:3020: result: x86_64-riku-ar
configure:3035: checking for x86_64-riku-ranlib
configure:3062: result: x86_64-riku-ranlib
configure:3204: updating cache ./config.cache
configure:3297: creating ./config.status

## ---------------------- ##
## Running config.status. ##
## ---------------------- ##

This file was extended by libgloss config.status LIBGLOSS_VERSION, which was
generated by GNU Autoconf 2.68.  Invocation command line was

  CONFIG_FILES    = 
  CONFIG_HEADERS  = 
  CONFIG_LINKS    = 
  CONFIG_COMMANDS = 
  $ ./config.status 

on PC-Quentin

config.status:827: creating Makefile
config.status:983: executing depfiles commands
configure:4539: === configuring in doc (/home/xedac/riku-newlib/build-newlib/x86_64-riku/libgloss/doc)
configure:4602: running /bin/bash ../../../../newlib-2.5.0.20171222/libgloss/doc/configure --disable-option-checking '--prefix=/usr'  '--with-newlib' '--with-cross-host=x86_64-pc-linux-gnu' '--disable-multilib' '--program-transform-name=s&^&x86_64-riku-&' '--with-target-subdir=x86_64-riku' '--build=x86_64-pc-linux-gnu' '--host=x86_64-riku' '--target=x86_64-riku' 'build_alias=x86_64-pc-linux-gnu' 'host_alias=x86_64-riku' 'target_alias=x86_64-riku' --cache-file=.././config.cache --srcdir=../../../../newlib-2.5.0.20171222/libgloss/doc
configure:4539: === configuring in libnosys (/home/xedac/riku-newlib/build-newlib/x86_64-riku/libgloss/libnosys)
configure:4602: running /bin/bash ../../../../newlib-2.5.0.20171222/libgloss/libnosys/configure --disable-option-checking '--prefix=/usr'  '--with-newlib' '--with-cross-host=x86_64-pc-linux-gnu' '--disable-multilib' '--program-transform-name=s&^&x86_64-riku-&' '--with-target-subdir=x86_64-riku' '--build=x86_64-pc-linux-gnu' '--host=x86_64-riku' '--target=x86_64-riku' 'build_alias=x86_64-pc-linux-gnu' 'host_alias=x86_64-riku' 'target_alias=x86_64-riku' --cache-file=.././config.cache --srcdir=../../../../newlib-2.5.0.20171222/libgloss/libnosys

## ---------------- ##
## Cache variables. ##
## ---------------- ##

ac_cv_build=x86_64-pc-linux-gnu
ac_cv_c_compiler_gnu=yes
ac_cv_env_CCASFLAGS_set=
ac_cv_env_CCASFLAGS_value=
ac_cv_env_CCAS_set=
ac_cv_env_CCAS_value=
ac_cv_env_build_alias_set=set
ac_cv_env_build_alias_value=x86_64-pc-linux-gnu
ac_cv_env_host_alias_set=set
ac_cv_env_host_alias_value=x86_64-riku
ac_cv_env_target_alias_set=set
ac_cv_env_target_alias_value=x86_64-riku
ac_cv_host=x86_64-pc-riku
ac_cv_prog_AR=x86_64-riku-ar
ac_cv_prog_AWK=gawk
ac_cv_prog_CC='x86_64-riku-cc -B/home/xedac/riku-newlib/build-newlib/x86_64-riku/newlib/ -isystem /home/xedac/riku-newlib/build-newlib/x86_64-riku/newlib/targ-include -isystem /home/xedac/riku-newlib/newlib-2.5.0.20171222/newlib/libc/include -B/home/xedac/riku-newlib/build-newlib/x86_64-riku/libgloss/x86_64 -L/home/xedac/riku-newlib/build-newlib/x86_64-riku/libgloss/libnosys -L/home/xedac/riku-newlib/newlib-2.5.0.20171222/libgloss/x86_64   '
ac_cv_prog_RANLIB=x86_64-riku-ranlib
ac_cv_prog_STRIP=x86_64-riku-strip
ac_cv_prog_cc_g=no
ac_cv_prog_make_make_set=yes
ac_cv_target=x86_64-pc-riku
am_cv_CC_dependencies_compiler_type=gcc3

## ----------------- ##
## Output variables. ##
## ----------------- ##

ACLOCAL='${SHELL} /home/xedac/riku-newlib/newlib-2.5.0.20171222/missing --run aclocal-1.9'
AMDEPBACKSLASH='\'
AMDEP_FALSE='#'
AMDEP_TRUE=''
AMTAR='${SHELL} /home/xedac/riku-newlib/newlib-2.5.0.20171222/missing --run tar'
AR='x86_64-riku-ar'
AS='x86_64-riku-as'
AUTOCONF='${SHELL} /home/xedac/riku-newlib/newlib-2.5.0.20171222/missing --run autoconf'
AUTOHEADER='${SHELL} /home/xedac/riku-newlib/newlib-2.5.0.20171222/missing --run autoheader'
AUTOMAKE='${SHELL} /home/xedac/riku-newlib/newlib-2.5.0.20171222/missing --run automake-1.9'
AWK='gawk'
CC='x86_64-riku-cc -B/home/xedac/riku-newlib/build-newlib/x86_64-riku/newlib/ -isystem /home/xedac/riku-newlib/build-newlib/x86_64-riku/newlib/targ-include -isystem /home/xedac/riku-newlib/newlib-2.5.0.20171222/newlib/libc/include -B/home/xedac/riku-newlib/build-newlib/x86_64-riku/libgloss/x86_64 -L/home/xedac/riku-newlib/build-newlib/x86_64-riku/libgloss/libnosys -L/home/xedac/riku-newlib/newlib-2.5.0.20171222/libgloss/x86_64   '
CCAS='x86_64-riku-cc -B/home/xedac/riku-newlib/build-newlib/x86_64-riku/newlib/ -isystem /home/xedac/riku-newlib/build-newlib/x86_64-riku/newlib/targ-include -isystem /home/xedac/riku-newlib/newlib-2.5.0.20171222/newlib/libc/include -B/home/xedac/riku-newlib/build-newlib/x86_64-riku/libgloss/x86_64 -L/home/xedac/riku-newlib/build-newlib/x86_64-riku/libgloss/libnosys -L/home/xedac/riku-newlib/newlib-2.5.0.20171222/libgloss/x86_64   '
CCASFLAGS=''
CCDEPMODE='depmode=gcc3'
CYGPATH_W='echo'
DEFS='-DPACKAGE_NAME=\"libgloss\" -DPACKAGE_TARNAME=\"libgloss\" -DPACKAGE_VERSION=\"LIBGLOSS_VERSION\" -DPACKAGE_STRING=\"libgloss\ LIBGLOSS_VERSION\" -DPACKAGE_BUGREPORT=\"\" -DPACKAGE_URL=\"\"'
DEPDIR='.deps'
ECHO_C=''
ECHO_N='-n'
ECHO_T=''
INSTALL_DATA='/usr/bin/install -c -m 644'
INSTALL_PROGRAM='/usr/bin/install -c'
INSTALL_SCRIPT='/usr/bin/install -c'
INSTALL_STRIP_PROGRAM='${SHELL} $(install_sh) -c -s'
LD='x86_64-riku-ld'
LIBOBJS=''
LIBS=''
LTLIBOBJS=''
MAKEINFO='/home/xedac/riku-newlib/newlib-2.5.0.20171222/missing makeinfo --split-size=5000000'
PACKAGE='libgloss'
PACKAGE_BUGREPORT=''
PACKAGE_NAME='libgloss'
PACKAGE_STRING='libgloss LIBGLOSS_VERSION'
PACKAGE_TARNAME='libgloss'
PACKAGE_URL=''
PACKAGE_VERSION='LIBGLOSS_VERSION'
PATH_SEPARATOR=':'
RANLIB='x86_64-riku-ranlib'
SET_MAKE=''
SHELL='/bin/bash'
STRIP='x86_64-riku-strip'
VERSION='LIBGLOSS_VERSION'
am__fastdepCC_FALSE='#'
am__fastdepCC_TRUE=''
am__include='include'
am__leading_dot='.'
am__quote=''
am__tar='${AMTAR} chof - "$$tardir"'
am__untar='${AMTAR} xf -'
bindir='${exec_prefix}/bin'
build='x86_64-pc-linux-gnu'
build_alias='x86_64-pc-linux-gnu'
build_cpu='x86_64'
build_os='linux-gnu'
build_vendor='pc'
datadir='${datarootdir}'
datarootdir='${prefix}/share'
docdir='${datarootdir}/doc/${PACKAGE_TARNAME}'
dvidir='${docdir}'
exec_prefix='${prefix}'
host='x86_64-pc-riku'
host_alias='x86_64-riku'
host_cpu='x86_64'
host_makefile_frag_path='../../../newlib-2.5.0.20171222/libgloss/config/default.mh'
host_os='riku'
host_vendor='pc'
htmldir='${docdir}'
includedir='${prefix}/include'
infodir='${datarootdir}/info'
install_sh='/home/xedac/riku-newlib/newlib-2.5.0.20171222/install-sh'
libdir='${exec_prefix}/lib'
libexecdir='${exec_prefix}/libexec'
localedir='${datarootdir}/locale'
localstatedir='${prefix}/var'
mandir='${datarootdir}/man'
mkdir_p='mkdir -p --'
oldincludedir='/usr/include'
pdfdir='${docdir}'
prefix='/usr'
program_transform_name='s&^&x86_64-riku-&'
psdir='${docdir}'
sbindir='${exec_prefix}/sbin'
sharedstatedir='${prefix}/com'
subdirs=' doc libnosys'
sysconfdir='${prefix}/etc'
target='x86_64-pc-riku'
target_alias='x86_64-riku'
target_cpu='x86_64'
target_os='riku'
target_vendor='pc'

## ------------------- ##
## File substitutions. ##
## ------------------- ##

host_makefile_frag='../../../newlib-2.5.0.20171222/libgloss/config/default.mh'

## ----------- ##
## confdefs.h. ##
## ----------- ##

/* confdefs.h */
#define PACKAGE_NAME "libgloss"
#define PACKAGE_TARNAME "libgloss"
#define PACKAGE_VERSION "LIBGLOSS_VERSION"
#define PACKAGE_STRING "libgloss LIBGLOSS_VERSION"
#define PACKAGE_BUGREPORT ""
#define PACKAGE_URL ""

configure: exit 0
