This file contains any messages produced by compilers while
running configure, to aid debugging if configure makes a mistake.

It was created by newlib configure 2.5.0, which was
generated by GNU Autoconf 2.68.  Invocation command line was

  $ /home/xedac/riku-newlib/newlib-2.5.0.20171222/newlib/configure --srcdir=../../../newlib-2.5.0.20171222/newlib --cache-file=./config.cache --with-newlib --with-cross-host=x86_64-pc-linux-gnu --prefix=/usr --disable-multilib --program-transform-name=s&^&x86_64-riku-& --disable-option-checking --with-target-subdir=x86_64-riku --build=x86_64-pc-linux-gnu --host=x86_64-riku --target=x86_64-riku

## --------- ##
## Platform. ##
## --------- ##

hostname = PC-Quentin
uname -m = x86_64
uname -r = 5.15.153.1-microsoft-standard-WSL2
uname -s = Linux
uname -v = #1 SMP Fri Mar 29 23:14:13 UTC 2024

/usr/bin/uname -p = x86_64
/bin/uname -X     = unknown

/bin/arch              = x86_64
/usr/bin/arch -k       = unknown
/usr/convex/getsysinfo = unknown
/usr/bin/hostinfo      = unknown
/bin/machine           = unknown
/usr/bin/oslevel       = unknown
/bin/universe          = unknown

PATH: /home/xedac/bin/bin
PATH: /home/xedac/bin
PATH: /usr/local/sbin
PATH: /usr/local/bin
PATH: /usr/sbin
PATH: /usr/bin
PATH: /sbin
PATH: /bin
PATH: /usr/games
PATH: /usr/local/games
PATH: /snap/bin
PATH: /mnt/c/Users/Quentin/AppData/Local/Programs/Microsoft VS Code/bin/
PATH: /mnt/c/Users/Quentin/AppData/Local/Programs/Microsoft VS Code/bin/
PATH: /mnt/c/Users/Quentin/AppData/Local/Programs/Microsoft VS Code/bin/


## ----------- ##
## Core tests. ##
## ----------- ##

configure:2138: creating cache ./config.cache
configure:2524: checking build system type
configure:2538: result: x86_64-pc-linux-gnu
configure:2558: checking host system type
configure:2571: result: x86_64-pc-riku
configure:2607: checking for a BSD-compatible install
configure:2675: result: /usr/bin/install -c
configure:2686: checking whether build environment is sane
configure:2736: result: yes
configure:2785: checking for x86_64-riku-strip
configure:2812: result: x86_64-riku-strip
configure:2877: checking for a thread-safe mkdir -p
configure:2916: result: /usr/bin/mkdir -p
configure:2929: checking for gawk
configure:2956: result: gawk
configure:2967: checking whether make sets $(MAKE)
configure:2989: result: yes
configure:3019: checking for style of include used by make
configure:3047: result: GNU
configure:3257: checking for gcc
configure:3284: result: x86_64-riku-cc -B/home/xedac/riku-newlib/build-newlib/x86_64-riku/newlib/ -isystem /home/xedac/riku-newlib/build-newlib/x86_64-riku/newlib/targ-include -isystem /home/xedac/riku-newlib/newlib-2.5.0.20171222/newlib/libc/include -B/home/xedac/riku-newlib/build-newlib/x86_64-riku/libgloss/x86_64 -L/home/xedac/riku-newlib/build-newlib/x86_64-riku/libgloss/libnosys -L/home/xedac/riku-newlib/newlib-2.5.0.20171222/libgloss/x86_64   
configure:3295: checking dependency style of x86_64-riku-cc -B/home/xedac/riku-newlib/build-newlib/x86_64-riku/newlib/ -isystem /home/xedac/riku-newlib/build-newlib/x86_64-riku/newlib/targ-include -isystem /home/xedac/riku-newlib/newlib-2.5.0.20171222/newlib/libc/include -B/home/xedac/riku-newlib/build-newlib/x86_64-riku/libgloss/x86_64 -L/home/xedac/riku-newlib/build-newlib/x86_64-riku/libgloss/libnosys -L/home/xedac/riku-newlib/newlib-2.5.0.20171222/libgloss/x86_64   
configure:3406: result: gcc3
configure:3479: checking whether we are using GNU C
configure:3490: x86_64-riku-cc -B/home/xedac/riku-newlib/build-newlib/x86_64-riku/newlib/ -isystem /home/xedac/riku-newlib/build-newlib/x86_64-riku/newlib/targ-include -isystem /home/xedac/riku-newlib/newlib-2.5.0.20171222/newlib/libc/include -B/home/xedac/riku-newlib/build-newlib/x86_64-riku/libgloss/x86_64 -L/home/xedac/riku-newlib/build-newlib/x86_64-riku/libgloss/libnosys -L/home/xedac/riku-newlib/newlib-2.5.0.20171222/libgloss/x86_64    -E conftest.c
configure:3493: $? = 0
configure:3500: result: yes
configure:3509: checking whether x86_64-riku-cc -B/home/xedac/riku-newlib/build-newlib/x86_64-riku/newlib/ -isystem /home/xedac/riku-newlib/build-newlib/x86_64-riku/newlib/targ-include -isystem /home/xedac/riku-newlib/newlib-2.5.0.20171222/newlib/libc/include -B/home/xedac/riku-newlib/build-newlib/x86_64-riku/libgloss/x86_64 -L/home/xedac/riku-newlib/build-newlib/x86_64-riku/libgloss/libnosys -L/home/xedac/riku-newlib/newlib-2.5.0.20171222/libgloss/x86_64    accepts -g
configure:3529: x86_64-riku-cc -B/home/xedac/riku-newlib/build-newlib/x86_64-riku/newlib/ -isystem /home/xedac/riku-newlib/build-newlib/x86_64-riku/newlib/targ-include -isystem /home/xedac/riku-newlib/newlib-2.5.0.20171222/newlib/libc/include -B/home/xedac/riku-newlib/build-newlib/x86_64-riku/libgloss/x86_64 -L/home/xedac/riku-newlib/build-newlib/x86_64-riku/libgloss/libnosys -L/home/xedac/riku-newlib/newlib-2.5.0.20171222/libgloss/x86_64    -c -g  conftest.c >&5
configure:3529: $? = 0
configure: failed program was:
| /* confdefs.h */
| #define PACKAGE_NAME "newlib"
| #define PACKAGE_TARNAME "newlib"
| #define PACKAGE_VERSION "2.5.0"
| #define PACKAGE_STRING "newlib 2.5.0"
| #define PACKAGE_BUGREPORT ""
| #define PACKAGE_URL ""
| /* end confdefs.h.  */
| 
| int
| main ()
| {
| 
|   ;
|   return 0;
| }
configure:3544: x86_64-riku-cc -B/home/xedac/riku-newlib/build-newlib/x86_64-riku/newlib/ -isystem /home/xedac/riku-newlib/build-newlib/x86_64-riku/newlib/targ-include -isystem /home/xedac/riku-newlib/newlib-2.5.0.20171222/newlib/libc/include -B/home/xedac/riku-newlib/build-newlib/x86_64-riku/libgloss/x86_64 -L/home/xedac/riku-newlib/build-newlib/x86_64-riku/libgloss/libnosys -L/home/xedac/riku-newlib/newlib-2.5.0.20171222/libgloss/x86_64    -c   conftest.c >&5
configure:3544: $? = 0
configure: failed program was:
| /* confdefs.h */
| #define PACKAGE_NAME "newlib"
| #define PACKAGE_TARNAME "newlib"
| #define PACKAGE_VERSION "2.5.0"
| #define PACKAGE_STRING "newlib 2.5.0"
| #define PACKAGE_BUGREPORT ""
| #define PACKAGE_URL ""
| /* end confdefs.h.  */
| 
| int
| main ()
| {
| 
|   ;
|   return 0;
| }
configure:3560: x86_64-riku-cc -B/home/xedac/riku-newlib/build-newlib/x86_64-riku/newlib/ -isystem /home/xedac/riku-newlib/build-newlib/x86_64-riku/newlib/targ-include -isystem /home/xedac/riku-newlib/newlib-2.5.0.20171222/newlib/libc/include -B/home/xedac/riku-newlib/build-newlib/x86_64-riku/libgloss/x86_64 -L/home/xedac/riku-newlib/build-newlib/x86_64-riku/libgloss/libnosys -L/home/xedac/riku-newlib/newlib-2.5.0.20171222/libgloss/x86_64    -c -g  conftest.c >&5
configure:3560: $? = 0
configure: failed program was:
| /* confdefs.h */
| #define PACKAGE_NAME "newlib"
| #define PACKAGE_TARNAME "newlib"
| #define PACKAGE_VERSION "2.5.0"
| #define PACKAGE_STRING "newlib 2.5.0"
| #define PACKAGE_BUGREPORT ""
| #define PACKAGE_URL ""
| /* end confdefs.h.  */
| 
| int
| main ()
| {
| 
|   ;
|   return 0;
| }
configure:3570: result: no
configure:3603: checking for x86_64-riku-as
configure:3630: result: x86_64-riku-as
configure:3695: checking for x86_64-riku-ar
configure:3722: result: x86_64-riku-ar
configure:3787: checking for x86_64-riku-ranlib
configure:3814: result: x86_64-riku-ranlib
configure:3879: checking for x86_64-riku-readelf
configure:3906: result: x86_64-riku-readelf
configure:3975: checking whether to enable maintainer-specific portions of Makefiles
configure:3984: result: no
configure:4094: checking for a sed that does not truncate output
configure:4158: result: /usr/bin/sed
configure:4180: checking how to print strings
configure:4207: result: printf
configure:4232: checking for gawk
configure:4259: result: gawk
configure:12596: checking for .preinit_array/.init_array/.fini_array support
configure:12609: x86_64-riku-cc -B/home/xedac/riku-newlib/build-newlib/x86_64-riku/newlib/ -isystem /home/xedac/riku-newlib/build-newlib/x86_64-riku/newlib/targ-include -isystem /home/xedac/riku-newlib/newlib-2.5.0.20171222/newlib/libc/include -B/home/xedac/riku-newlib/build-newlib/x86_64-riku/libgloss/x86_64 -L/home/xedac/riku-newlib/build-newlib/x86_64-riku/libgloss/libnosys -L/home/xedac/riku-newlib/newlib-2.5.0.20171222/libgloss/x86_64    -g -O2  -c -o conftest conftest.c
							1>&5
configure:12612: $? = 0
configure:12625: result: no
configure:12636: checking if x86_64-riku-cc -B/home/xedac/riku-newlib/build-newlib/x86_64-riku/newlib/ -isystem /home/xedac/riku-newlib/build-newlib/x86_64-riku/newlib/targ-include -isystem /home/xedac/riku-newlib/newlib-2.5.0.20171222/newlib/libc/include -B/home/xedac/riku-newlib/build-newlib/x86_64-riku/libgloss/x86_64 -L/home/xedac/riku-newlib/build-newlib/x86_64-riku/libgloss/libnosys -L/home/xedac/riku-newlib/newlib-2.5.0.20171222/libgloss/x86_64    accepts -fno-tree-loop-distribute-patterns with __attribute__ ((__optimize__))
configure:12650: x86_64-riku-cc -B/home/xedac/riku-newlib/build-newlib/x86_64-riku/newlib/ -isystem /home/xedac/riku-newlib/build-newlib/x86_64-riku/newlib/targ-include -isystem /home/xedac/riku-newlib/newlib-2.5.0.20171222/newlib/libc/include -B/home/xedac/riku-newlib/build-newlib/x86_64-riku/libgloss/x86_64 -L/home/xedac/riku-newlib/build-newlib/x86_64-riku/libgloss/libnosys -L/home/xedac/riku-newlib/newlib-2.5.0.20171222/libgloss/x86_64    -g -O2  -c
			    -fno-tree-loop-distribute-patterns conftest.c
configure:12653: $? = 0
configure:12660: result: yes
configure:12668: checking whether long double type exists
configure:12688: x86_64-riku-cc -B/home/xedac/riku-newlib/build-newlib/x86_64-riku/newlib/ -isystem /home/xedac/riku-newlib/build-newlib/x86_64-riku/newlib/targ-include -isystem /home/xedac/riku-newlib/newlib-2.5.0.20171222/newlib/libc/include -B/home/xedac/riku-newlib/build-newlib/x86_64-riku/libgloss/x86_64 -L/home/xedac/riku-newlib/build-newlib/x86_64-riku/libgloss/libnosys -L/home/xedac/riku-newlib/newlib-2.5.0.20171222/libgloss/x86_64    -g -O2  -c -o conftest.o conftest.c
							1>&5
configure:12691: $? = 0
configure:12700: result: yes
configure:12717: checking whether long double equals double
configure:12733: x86_64-riku-cc -B/home/xedac/riku-newlib/build-newlib/x86_64-riku/newlib/ -isystem /home/xedac/riku-newlib/build-newlib/x86_64-riku/newlib/targ-include -isystem /home/xedac/riku-newlib/newlib-2.5.0.20171222/newlib/libc/include -B/home/xedac/riku-newlib/build-newlib/x86_64-riku/libgloss/x86_64 -L/home/xedac/riku-newlib/build-newlib/x86_64-riku/libgloss/libnosys -L/home/xedac/riku-newlib/newlib-2.5.0.20171222/libgloss/x86_64    -g -O2  -c -o conftest.o conftest.c
							1>&5
conftest.c:5:4: error: #error "LDBL != DBL"
    5 |   #error "LDBL != DBL"
      |    ^~~~~
configure:12736: $? = 1
configure:12745: result: no
configure:12815: updating cache ./config.cache
configure:12936: creating ./config.status

## ---------------------- ##
## Running config.status. ##
## ---------------------- ##

This file was extended by newlib config.status 2.5.0, which was
generated by GNU Autoconf 2.68.  Invocation command line was

  CONFIG_FILES    = 
  CONFIG_HEADERS  = 
  CONFIG_LINKS    = 
  CONFIG_COMMANDS = 
  $ ./config.status 

on PC-Quentin

config.status:1148: creating Makefile
config.status:1148: creating _newlib_version.h
config.status:1148: creating newlib.h
config.status:1362: executing depfiles commands
configure:15256: === configuring in libc (/home/xedac/riku-newlib/build-newlib/x86_64-riku/newlib/libc)
configure:15319: running /bin/bash ../../../../newlib-2.5.0.20171222/newlib/libc/configure --disable-option-checking '--prefix=/usr'  '--with-newlib' '--with-cross-host=x86_64-pc-linux-gnu' '--disable-multilib' '--program-transform-name=s&^&x86_64-riku-&' '--with-target-subdir=x86_64-riku' '--build=x86_64-pc-linux-gnu' '--host=x86_64-riku' '--target=x86_64-riku' 'build_alias=x86_64-pc-linux-gnu' 'host_alias=x86_64-riku' 'target_alias=x86_64-riku' 'CC=x86_64-riku-cc -B/home/xedac/riku-newlib/build-newlib/x86_64-riku/newlib/ -isystem /home/xedac/riku-newlib/build-newlib/x86_64-riku/newlib/targ-include -isystem /home/xedac/riku-newlib/newlib-2.5.0.20171222/newlib/libc/include -B/home/xedac/riku-newlib/build-newlib/x86_64-riku/libgloss/x86_64 -L/home/xedac/riku-newlib/build-newlib/x86_64-riku/libgloss/libnosys -L/home/xedac/riku-newlib/newlib-2.5.0.20171222/libgloss/x86_64   ' 'CFLAGS=-g -O2' 'LDFLAGS=' 'CPPFLAGS=' --cache-file=.././config.cache --srcdir=../../../../newlib-2.5.0.20171222/newlib/libc
configure:15256: === configuring in libm (/home/xedac/riku-newlib/build-newlib/x86_64-riku/newlib/libm)
configure:15319: running /bin/bash ../../../../newlib-2.5.0.20171222/newlib/libm/configure --disable-option-checking '--prefix=/usr'  '--with-newlib' '--with-cross-host=x86_64-pc-linux-gnu' '--disable-multilib' '--program-transform-name=s&^&x86_64-riku-&' '--with-target-subdir=x86_64-riku' '--build=x86_64-pc-linux-gnu' '--host=x86_64-riku' '--target=x86_64-riku' 'build_alias=x86_64-pc-linux-gnu' 'host_alias=x86_64-riku' 'target_alias=x86_64-riku' 'CC=x86_64-riku-cc -B/home/xedac/riku-newlib/build-newlib/x86_64-riku/newlib/ -isystem /home/xedac/riku-newlib/build-newlib/x86_64-riku/newlib/targ-include -isystem /home/xedac/riku-newlib/newlib-2.5.0.20171222/newlib/libc/include -B/home/xedac/riku-newlib/build-newlib/x86_64-riku/libgloss/x86_64 -L/home/xedac/riku-newlib/build-newlib/x86_64-riku/libgloss/libnosys -L/home/xedac/riku-newlib/newlib-2.5.0.20171222/libgloss/x86_64   ' 'CFLAGS=-g -O2' 'LDFLAGS=' 'CPPFLAGS=' --cache-file=.././config.cache --srcdir=../../../../newlib-2.5.0.20171222/newlib/libm
configure:15256: === configuring in doc (/home/xedac/riku-newlib/build-newlib/x86_64-riku/newlib/doc)
configure:15319: running /bin/bash ../../../../newlib-2.5.0.20171222/newlib/doc/configure --disable-option-checking '--prefix=/usr'  '--with-newlib' '--with-cross-host=x86_64-pc-linux-gnu' '--disable-multilib' '--program-transform-name=s&^&x86_64-riku-&' '--with-target-subdir=x86_64-riku' '--build=x86_64-pc-linux-gnu' '--host=x86_64-riku' '--target=x86_64-riku' 'build_alias=x86_64-pc-linux-gnu' 'host_alias=x86_64-riku' 'target_alias=x86_64-riku' 'CC=x86_64-riku-cc -B/home/xedac/riku-newlib/build-newlib/x86_64-riku/newlib/ -isystem /home/xedac/riku-newlib/build-newlib/x86_64-riku/newlib/targ-include -isystem /home/xedac/riku-newlib/newlib-2.5.0.20171222/newlib/libc/include -B/home/xedac/riku-newlib/build-newlib/x86_64-riku/libgloss/x86_64 -L/home/xedac/riku-newlib/build-newlib/x86_64-riku/libgloss/libnosys -L/home/xedac/riku-newlib/newlib-2.5.0.20171222/libgloss/x86_64   ' 'CFLAGS=-g -O2' 'LDFLAGS=' 'CPPFLAGS=' --cache-file=.././config.cache --srcdir=../../../../newlib-2.5.0.20171222/newlib/doc

## ---------------- ##
## Cache variables. ##
## ---------------- ##

ac_cv_build=x86_64-pc-linux-gnu
ac_cv_c_compiler_gnu=yes
ac_cv_env_CCASFLAGS_set=
ac_cv_env_CCASFLAGS_value=
ac_cv_env_CCAS_set=
ac_cv_env_CCAS_value=
ac_cv_env_CC_set=set
ac_cv_env_CC_value='x86_64-riku-cc -B/home/xedac/riku-newlib/build-newlib/x86_64-riku/newlib/ -isystem /home/xedac/riku-newlib/build-newlib/x86_64-riku/newlib/targ-include -isystem /home/xedac/riku-newlib/newlib-2.5.0.20171222/newlib/libc/include -B/home/xedac/riku-newlib/build-newlib/x86_64-riku/libgloss/x86_64 -L/home/xedac/riku-newlib/build-newlib/x86_64-riku/libgloss/libnosys -L/home/xedac/riku-newlib/newlib-2.5.0.20171222/libgloss/x86_64   '
ac_cv_env_CFLAGS_set=set
ac_cv_env_CFLAGS_value='-g -O2'
ac_cv_env_CPPFLAGS_set=set
ac_cv_env_CPPFLAGS_value=
ac_cv_env_CPP_set=
ac_cv_env_CPP_value=
ac_cv_env_LDFLAGS_set=set
ac_cv_env_LDFLAGS_value=
ac_cv_env_LIBS_set=
ac_cv_env_LIBS_value=
ac_cv_env_build_alias_set=set
ac_cv_env_build_alias_value=x86_64-pc-linux-gnu
ac_cv_env_host_alias_set=set
ac_cv_env_host_alias_value=x86_64-riku
ac_cv_env_target_alias_set=set
ac_cv_env_target_alias_value=x86_64-riku
ac_cv_host=x86_64-pc-riku
ac_cv_path_SED=/usr/bin/sed
ac_cv_path_mkdir=/usr/bin/mkdir
ac_cv_prog_AR=x86_64-riku-ar
ac_cv_prog_AS=x86_64-riku-as
ac_cv_prog_AWK=gawk
ac_cv_prog_CC='x86_64-riku-cc -B/home/xedac/riku-newlib/build-newlib/x86_64-riku/newlib/ -isystem /home/xedac/riku-newlib/build-newlib/x86_64-riku/newlib/targ-include -isystem /home/xedac/riku-newlib/newlib-2.5.0.20171222/newlib/libc/include -B/home/xedac/riku-newlib/build-newlib/x86_64-riku/libgloss/x86_64 -L/home/xedac/riku-newlib/build-newlib/x86_64-riku/libgloss/libnosys -L/home/xedac/riku-newlib/newlib-2.5.0.20171222/libgloss/x86_64   '
ac_cv_prog_RANLIB=x86_64-riku-ranlib
ac_cv_prog_READELF=x86_64-riku-readelf
ac_cv_prog_STRIP=x86_64-riku-strip
ac_cv_prog_cc_g=no
ac_cv_prog_make_make_set=yes
acnewlib_cv_type_long_double=yes
am_cv_CC_dependencies_compiler_type=gcc3
libc_cv_cc_loop_to_function=yes
libc_cv_initfinit_array=no
newlib_cv_ldbl_eq_dbl=no

## ----------------- ##
## Output variables. ##
## ----------------- ##

ACLOCAL='${SHELL} /home/xedac/riku-newlib/newlib-2.5.0.20171222/missing --run aclocal-1.11'
AMDEPBACKSLASH='\'
AMDEP_FALSE='#'
AMDEP_TRUE=''
AMTAR='$${TAR-tar}'
AR='x86_64-riku-ar'
AS='x86_64-riku-as'
AUTOCONF='${SHELL} /home/xedac/riku-newlib/newlib-2.5.0.20171222/missing --run autoconf'
AUTOHEADER='${SHELL} /home/xedac/riku-newlib/newlib-2.5.0.20171222/missing --run autoheader'
AUTOMAKE='${SHELL} /home/xedac/riku-newlib/newlib-2.5.0.20171222/missing --run automake-1.11'
AWK='gawk'
CC='x86_64-riku-cc -B/home/xedac/riku-newlib/build-newlib/x86_64-riku/newlib/ -isystem /home/xedac/riku-newlib/build-newlib/x86_64-riku/newlib/targ-include -isystem /home/xedac/riku-newlib/newlib-2.5.0.20171222/newlib/libc/include -B/home/xedac/riku-newlib/build-newlib/x86_64-riku/libgloss/x86_64 -L/home/xedac/riku-newlib/build-newlib/x86_64-riku/libgloss/libnosys -L/home/xedac/riku-newlib/newlib-2.5.0.20171222/libgloss/x86_64   '
CCAS='x86_64-riku-cc -B/home/xedac/riku-newlib/build-newlib/x86_64-riku/newlib/ -isystem /home/xedac/riku-newlib/build-newlib/x86_64-riku/newlib/targ-include -isystem /home/xedac/riku-newlib/newlib-2.5.0.20171222/newlib/libc/include -B/home/xedac/riku-newlib/build-newlib/x86_64-riku/libgloss/x86_64 -L/home/xedac/riku-newlib/build-newlib/x86_64-riku/libgloss/libnosys -L/home/xedac/riku-newlib/newlib-2.5.0.20171222/libgloss/x86_64   '
CCASFLAGS='-g -O2'
CCDEPMODE='depmode=gcc3'
CC_FOR_BUILD='gcc'
CC_FOR_NEWLIB='x86_64-riku-cc -B/home/xedac/riku-newlib/build-newlib/x86_64-riku/newlib/ -isystem /home/xedac/riku-newlib/build-newlib/x86_64-riku/newlib/targ-include -isystem /home/xedac/riku-newlib/newlib-2.5.0.20171222/newlib/libc/include -B/home/xedac/riku-newlib/build-newlib/x86_64-riku/libgloss/x86_64 -L/home/xedac/riku-newlib/build-newlib/x86_64-riku/libgloss/libnosys -L/home/xedac/riku-newlib/newlib-2.5.0.20171222/libgloss/x86_64   '
CFLAGS='-g -O2'
CPP=''
CPPFLAGS=''
CRT0='crt0.o'
CRT0_DIR='libc/'
CRT1=''
CRT1_DIR=''
CYGPATH_W='echo'
DEFS='-DHAVE_CONFIG_H'
DEPDIR='.deps'
DLLTOOL='x86_64-riku-dlltool'
DSYMUTIL=''
DUMPBIN=''
ECHO_C=''
ECHO_N='-n'
ECHO_T=''
EGREP=''
ELIX_LEVEL_0_FALSE='#'
ELIX_LEVEL_0_TRUE=''
ELIX_LEVEL_1_FALSE=''
ELIX_LEVEL_1_TRUE='#'
ELIX_LEVEL_2_FALSE=''
ELIX_LEVEL_2_TRUE='#'
ELIX_LEVEL_3_FALSE=''
ELIX_LEVEL_3_TRUE='#'
ELIX_LEVEL_4_FALSE=''
ELIX_LEVEL_4_TRUE='#'
EXEEXT=''
EXTRA_DIRS=''
FGREP=''
GREP=''
HAVE_CRT0_FALSE='#'
HAVE_CRT0_TRUE=''
HAVE_DOC_FALSE='#'
HAVE_DOC_TRUE=''
HAVE_LONG_DOUBLE_FALSE='#'
HAVE_LONG_DOUBLE_TRUE=''
HAVE_MULTISUBDIR_FALSE=''
HAVE_MULTISUBDIR_TRUE='#'
INSTALL_DATA='/usr/bin/install -c -m 644'
INSTALL_PROGRAM='/usr/bin/install -c'
INSTALL_SCRIPT='/usr/bin/install -c'
INSTALL_STRIP_PROGRAM='$(install_sh) -c -s'
LD='x86_64-riku-ld'
LDFLAGS=''
LIBM_MACHINE_OBJECTLIST=''
LIBOBJS=''
LIBS=''
LIBTOOL=''
LIPO='x86_64-riku-lipo'
LN_S=''
LTLIBOBJS=''
MACHINE_OBJECTLIST='libc/machine/x86_64/objectlist.awk.in'
MAINT='#'
MAINTAINER_MODE_FALSE=''
MAINTAINER_MODE_TRUE='#'
MAKEINFO='/home/xedac/riku-newlib/newlib-2.5.0.20171222/missing makeinfo --split-size=5000000'
MAY_SUPPLY_SYSCALLS_FALSE='#'
MAY_SUPPLY_SYSCALLS_TRUE=''
MKDIR_P='/usr/bin/mkdir -p'
NEWLIB_CFLAGS=' -DMISSING_SYSCALL_NAMES -D_FORTIFY_SOURCE=0 -fno-builtin'
NEWLIB_HW_FP_FALSE=''
NEWLIB_HW_FP_TRUE='#'
NM='x86_64-riku-nm'
NMEDIT=''
NO_INCLUDE_LIST=' rpc/types.h rpc/xdr.h'
OBJDUMP='x86_64-riku-objdump'
OBJEXT='o'
OTOOL64=''
OTOOL=''
PACKAGE='newlib'
PACKAGE_BUGREPORT=''
PACKAGE_NAME='newlib'
PACKAGE_STRING='newlib 2.5.0'
PACKAGE_TARNAME='newlib'
PACKAGE_URL=''
PACKAGE_VERSION='2.5.0'
PATH_SEPARATOR=':'
POSIX_OBJECTLIST=''
RANLIB='x86_64-riku-ranlib'
READELF='x86_64-riku-readelf'
SED='/usr/bin/sed'
SET_MAKE=''
SHELL='/bin/bash'
SIGNAL_OBJECTLIST='libc/signal/objectlist.awk.in'
STDIO64_OBJECTLIST=''
STRIP='x86_64-riku-strip'
SYSCALL_OBJECTLIST=''
SYS_MACH_OBJECTLIST=''
SYS_OBJECTLIST='libc/sys/riku/objectlist.awk.in'
UNIX_OBJECTLIST=''
USE_LIBTOOL_FALSE=''
USE_LIBTOOL_TRUE='#'
VERSION='2.5.0'
ac_ct_CC=''
ac_ct_DUMPBIN=''
aext='a'
am__EXEEXT_FALSE=''
am__EXEEXT_TRUE='#'
am__fastdepCC_FALSE='#'
am__fastdepCC_TRUE=''
am__include='include'
am__isrc=' -I$(srcdir)'
am__leading_dot='.'
am__nodep='_no'
am__quote=''
am__tar='$${TAR-tar} chof - "$$tardir"'
am__untar='$${TAR-tar} xf -'
bindir='${exec_prefix}/bin'
build='x86_64-pc-linux-gnu'
build_alias='x86_64-pc-linux-gnu'
build_cpu='x86_64'
build_os='linux-gnu'
build_vendor='pc'
datadir='${datarootdir}'
datarootdir='${prefix}/share'
docdir='${datarootdir}/doc/${PACKAGE_TARNAME}'
dvidir='${docdir}'
exec_prefix='${prefix}'
host='x86_64-pc-riku'
host_alias='x86_64-riku'
host_cpu='x86_64'
host_os='riku'
host_vendor='pc'
htmldir='${docdir}'
includedir='${prefix}/include'
infodir='${datarootdir}/info'
install_sh='${SHELL} /home/xedac/riku-newlib/newlib-2.5.0.20171222/install-sh'
libc_cv_cc_loop_to_function='yes'
libc_cv_initfinit_array='no'
libdir='${exec_prefix}/lib'
libexecdir='${exec_prefix}/libexec'
libm_machine_dir=''
localedir='${datarootdir}/locale'
localstatedir='${prefix}/var'
lpfx='lib_a-'
machine_dir='x86_64'
mandir='${datarootdir}/man'
mkdir_p='/usr/bin/mkdir -p'
newlib_basedir='../../../newlib-2.5.0.20171222/newlib/.'
oext='o'
oldincludedir='/usr/include'
pdfdir='${docdir}'
prefix='/usr'
program_transform_name='s&^&x86_64-riku-&'
psdir='${docdir}'
sbindir='${exec_prefix}/sbin'
sharedstatedir='${prefix}/com'
subdirs=' libc libm doc'
sys_dir='riku'
sysconfdir='${prefix}/etc'
target_alias='x86_64-riku'

## ----------- ##
## confdefs.h. ##
## ----------- ##

/* confdefs.h */
#define PACKAGE_NAME "newlib"
#define PACKAGE_TARNAME "newlib"
#define PACKAGE_VERSION "2.5.0"
#define PACKAGE_STRING "newlib 2.5.0"
#define PACKAGE_BUGREPORT ""
#define PACKAGE_URL ""
#define _MB_LEN_MAX 1
#define _NEWLIB_VERSION "2.5.0"
#define __NEWLIB__ 2
#define __NEWLIB_MINOR__ 5
#define __NEWLIB_PATCHLEVEL__ 0
#define _ATEXIT_DYNAMIC_ALLOC 1
#define _FVWRITE_IN_STREAMIO 1
#define _FSEEK_OPTIMIZATION 1
#define _WIDE_ORIENT 1
#define _UNBUF_STREAM_OPT 1
#define _HAVE_CC_INHIBIT_LOOP_TO_LIBCALL 1
#define _HAVE_LONG_DOUBLE 1

configure: exit 0
