This file contains any messages produced by compilers while
running configure, to aid debugging if configure makes a mistake.

It was created by newlib configure 2.5.0, which was
generated by GNU Autoconf 2.65.  Invocation command line was

  $ ../../../../../../newlib-2.5.0.20171222/newlib/libc/sys/riku/configure --disable-option-checking --prefix=/usr --with-newlib --with-cross-host=x86_64-pc-linux-gnu --disable-multilib --program-transform-name=s&^&x86_64-riku-& --with-target-subdir=x86_64-riku --build=x86_64-pc-linux-gnu --host=x86_64-riku --target=x86_64-riku build_alias=x86_64-pc-linux-gnu host_alias=x86_64-riku target_alias=x86_64-riku CC=x86_64-riku-cc -B/home/xedac/riku-newlib/build-newlib/x86_64-riku/newlib/ -isystem /home/xedac/riku-newlib/build-newlib/x86_64-riku/newlib/targ-include -isystem /home/xedac/riku-newlib/newlib-2.5.0.20171222/newlib/libc/include -B/home/xedac/riku-newlib/build-newlib/x86_64-riku/libgloss/x86_64 -L/home/xedac/riku-newlib/build-newlib/x86_64-riku/libgloss/libnosys -L/home/xedac/riku-newlib/newlib-2.5.0.20171222/libgloss/x86_64    CFLAGS=-g -O2 LDFLAGS= CPPFLAGS= --cache-file=../../.././config.cache --srcdir=../../../../../../newlib-2.5.0.20171222/newlib/libc/sys/riku

## --------- ##
## Platform. ##
## --------- ##

hostname = PC-Quentin
uname -m = x86_64
uname -r = 5.15.153.1-microsoft-standard-WSL2
uname -s = Linux
uname -v = #1 SMP Fri Mar 29 23:14:13 UTC 2024

/usr/bin/uname -p = x86_64
/bin/uname -X     = unknown

/bin/arch              = x86_64
/usr/bin/arch -k       = unknown
/usr/convex/getsysinfo = unknown
/usr/bin/hostinfo      = unknown
/bin/machine           = unknown
/usr/bin/oslevel       = unknown
/bin/universe          = unknown

PATH: /home/xedac/bin/bin
PATH: /home/xedac/bin
PATH: /usr/local/sbin
PATH: /usr/local/bin
PATH: /usr/sbin
PATH: /usr/bin
PATH: /sbin
PATH: /bin
PATH: /usr/games
PATH: /usr/local/games
PATH: /snap/bin
PATH: /mnt/c/Users/Quentin/AppData/Local/Programs/Microsoft VS Code/bin/
PATH: /mnt/c/Users/Quentin/AppData/Local/Programs/Microsoft VS Code/bin/
PATH: /mnt/c/Users/Quentin/AppData/Local/Programs/Microsoft VS Code/bin/


## ----------- ##
## Core tests. ##
## ----------- ##

configure:1714: loading cache ../../.././config.cache
configure:1824: checking build system type
configure:1838: result: x86_64-pc-linux-gnu
configure:1858: checking host system type
configure:1871: result: x86_64-pc-riku
configure:1907: checking for a BSD-compatible install
configure:1975: result: /usr/bin/install -c
configure:1986: checking whether build environment is sane
configure:2036: result: yes
configure:2085: checking for x86_64-riku-strip
configure:2112: result: x86_64-riku-strip
configure:2177: checking for a thread-safe mkdir -p
configure:2216: result: /usr/bin/mkdir -p
configure:2229: checking for gawk
configure:2256: result: gawk
configure:2267: checking whether make sets $(MAKE)
configure:2289: result: yes
configure:2319: checking for style of include used by make
configure:2347: result: GNU
configure:2556: checking for gcc
configure:2583: result: x86_64-riku-cc -B/home/xedac/riku-newlib/build-newlib/x86_64-riku/newlib/ -isystem /home/xedac/riku-newlib/build-newlib/x86_64-riku/newlib/targ-include -isystem /home/xedac/riku-newlib/newlib-2.5.0.20171222/newlib/libc/include -B/home/xedac/riku-newlib/build-newlib/x86_64-riku/libgloss/x86_64 -L/home/xedac/riku-newlib/build-newlib/x86_64-riku/libgloss/libnosys -L/home/xedac/riku-newlib/newlib-2.5.0.20171222/libgloss/x86_64   
configure:2594: checking dependency style of x86_64-riku-cc -B/home/xedac/riku-newlib/build-newlib/x86_64-riku/newlib/ -isystem /home/xedac/riku-newlib/build-newlib/x86_64-riku/newlib/targ-include -isystem /home/xedac/riku-newlib/newlib-2.5.0.20171222/newlib/libc/include -B/home/xedac/riku-newlib/build-newlib/x86_64-riku/libgloss/x86_64 -L/home/xedac/riku-newlib/build-newlib/x86_64-riku/libgloss/libnosys -L/home/xedac/riku-newlib/newlib-2.5.0.20171222/libgloss/x86_64   
configure:2704: result: gcc3
configure:2777: checking whether we are using GNU C
configure:2798: result: yes
configure:2807: checking whether x86_64-riku-cc -B/home/xedac/riku-newlib/build-newlib/x86_64-riku/newlib/ -isystem /home/xedac/riku-newlib/build-newlib/x86_64-riku/newlib/targ-include -isystem /home/xedac/riku-newlib/newlib-2.5.0.20171222/newlib/libc/include -B/home/xedac/riku-newlib/build-newlib/x86_64-riku/libgloss/x86_64 -L/home/xedac/riku-newlib/build-newlib/x86_64-riku/libgloss/libnosys -L/home/xedac/riku-newlib/newlib-2.5.0.20171222/libgloss/x86_64    accepts -g
configure:2868: result: no
configure:2901: checking for x86_64-riku-as
configure:2928: result: x86_64-riku-as
configure:2993: checking for x86_64-riku-ar
configure:3020: result: x86_64-riku-ar
configure:3085: checking for x86_64-riku-ranlib
configure:3112: result: x86_64-riku-ranlib
configure:3177: checking for x86_64-riku-readelf
configure:3204: result: x86_64-riku-readelf
configure:3273: checking whether to enable maintainer-specific portions of Makefiles
configure:3282: result: no
configure:3564: creating ./config.status

## ---------------------- ##
## Running config.status. ##
## ---------------------- ##

This file was extended by newlib config.status 2.5.0, which was
generated by GNU Autoconf 2.65.  Invocation command line was

  CONFIG_FILES    = 
  CONFIG_HEADERS  = 
  CONFIG_LINKS    = 
  CONFIG_COMMANDS = 
  $ ./config.status 

on PC-Quentin

config.status:808: creating Makefile
config.status:964: executing depfiles commands

## ---------------- ##
## Cache variables. ##
## ---------------- ##

ac_cv_build=x86_64-pc-linux-gnu
ac_cv_c_compiler_gnu=yes
ac_cv_env_CCASFLAGS_set=
ac_cv_env_CCASFLAGS_value=
ac_cv_env_CCAS_set=
ac_cv_env_CCAS_value=
ac_cv_env_CC_set=set
ac_cv_env_CC_value='x86_64-riku-cc -B/home/xedac/riku-newlib/build-newlib/x86_64-riku/newlib/ -isystem /home/xedac/riku-newlib/build-newlib/x86_64-riku/newlib/targ-include -isystem /home/xedac/riku-newlib/newlib-2.5.0.20171222/newlib/libc/include -B/home/xedac/riku-newlib/build-newlib/x86_64-riku/libgloss/x86_64 -L/home/xedac/riku-newlib/build-newlib/x86_64-riku/libgloss/libnosys -L/home/xedac/riku-newlib/newlib-2.5.0.20171222/libgloss/x86_64   '
ac_cv_env_CFLAGS_set=set
ac_cv_env_CFLAGS_value='-g -O2'
ac_cv_env_CPPFLAGS_set=set
ac_cv_env_CPPFLAGS_value=
ac_cv_env_CPP_set=
ac_cv_env_CPP_value=
ac_cv_env_LDFLAGS_set=set
ac_cv_env_LDFLAGS_value=
ac_cv_env_LIBS_set=
ac_cv_env_LIBS_value=
ac_cv_env_build_alias_set=set
ac_cv_env_build_alias_value=x86_64-pc-linux-gnu
ac_cv_env_host_alias_set=set
ac_cv_env_host_alias_value=x86_64-riku
ac_cv_env_target_alias_set=set
ac_cv_env_target_alias_value=x86_64-riku
ac_cv_host=x86_64-pc-riku
ac_cv_path_SED=/usr/bin/sed
ac_cv_path_mkdir=/usr/bin/mkdir
ac_cv_prog_AR=x86_64-riku-ar
ac_cv_prog_AS=x86_64-riku-as
ac_cv_prog_AWK=gawk
ac_cv_prog_CC='x86_64-riku-cc -B/home/xedac/riku-newlib/build-newlib/x86_64-riku/newlib/ -isystem /home/xedac/riku-newlib/build-newlib/x86_64-riku/newlib/targ-include -isystem /home/xedac/riku-newlib/newlib-2.5.0.20171222/newlib/libc/include -B/home/xedac/riku-newlib/build-newlib/x86_64-riku/libgloss/x86_64 -L/home/xedac/riku-newlib/build-newlib/x86_64-riku/libgloss/libnosys -L/home/xedac/riku-newlib/newlib-2.5.0.20171222/libgloss/x86_64   '
ac_cv_prog_RANLIB=x86_64-riku-ranlib
ac_cv_prog_READELF=x86_64-riku-readelf
ac_cv_prog_STRIP=x86_64-riku-strip
ac_cv_prog_cc_g=no
ac_cv_prog_make_make_set=yes
acnewlib_cv_type_long_double=yes
am_cv_CC_dependencies_compiler_type=gcc3
libc_cv_cc_loop_to_function=yes
libc_cv_initfinit_array=no
newlib_cv_ldbl_eq_dbl=no

## ----------------- ##
## Output variables. ##
## ----------------- ##

ACLOCAL='${SHELL} /home/xedac/riku-newlib/newlib-2.5.0.20171222/missing --run aclocal-1.11'
AMDEPBACKSLASH='\'
AMDEP_FALSE='#'
AMDEP_TRUE=''
AMTAR='${SHELL} /home/xedac/riku-newlib/newlib-2.5.0.20171222/missing --run tar'
AR='x86_64-riku-ar'
AS='x86_64-riku-as'
AUTOCONF='${SHELL} /home/xedac/riku-newlib/newlib-2.5.0.20171222/missing --run autoconf'
AUTOHEADER='${SHELL} /home/xedac/riku-newlib/newlib-2.5.0.20171222/missing --run autoheader'
AUTOMAKE='${SHELL} /home/xedac/riku-newlib/newlib-2.5.0.20171222/missing --run automake-1.11'
AWK='gawk'
CC='x86_64-riku-cc -B/home/xedac/riku-newlib/build-newlib/x86_64-riku/newlib/ -isystem /home/xedac/riku-newlib/build-newlib/x86_64-riku/newlib/targ-include -isystem /home/xedac/riku-newlib/newlib-2.5.0.20171222/newlib/libc/include -B/home/xedac/riku-newlib/build-newlib/x86_64-riku/libgloss/x86_64 -L/home/xedac/riku-newlib/build-newlib/x86_64-riku/libgloss/libnosys -L/home/xedac/riku-newlib/newlib-2.5.0.20171222/libgloss/x86_64   '
CCAS='x86_64-riku-cc -B/home/xedac/riku-newlib/build-newlib/x86_64-riku/newlib/ -isystem /home/xedac/riku-newlib/build-newlib/x86_64-riku/newlib/targ-include -isystem /home/xedac/riku-newlib/newlib-2.5.0.20171222/newlib/libc/include -B/home/xedac/riku-newlib/build-newlib/x86_64-riku/libgloss/x86_64 -L/home/xedac/riku-newlib/build-newlib/x86_64-riku/libgloss/libnosys -L/home/xedac/riku-newlib/newlib-2.5.0.20171222/libgloss/x86_64   '
CCASFLAGS='-g -O2'
CCDEPMODE='depmode=gcc3'
CYGPATH_W='echo'
DEFS='-DPACKAGE_NAME=\"newlib\" -DPACKAGE_TARNAME=\"newlib\" -DPACKAGE_VERSION=\"2.5.0\" -DPACKAGE_STRING=\"newlib\ 2.5.0\" -DPACKAGE_BUGREPORT=\"\" -DPACKAGE_URL=\"\"'
DEPDIR='.deps'
ECHO_C=''
ECHO_N='-n'
ECHO_T=''
ELIX_LEVEL_0_FALSE='#'
ELIX_LEVEL_0_TRUE=''
ELIX_LEVEL_1_FALSE=''
ELIX_LEVEL_1_TRUE='#'
ELIX_LEVEL_2_FALSE=''
ELIX_LEVEL_2_TRUE='#'
ELIX_LEVEL_3_FALSE=''
ELIX_LEVEL_3_TRUE='#'
ELIX_LEVEL_4_FALSE=''
ELIX_LEVEL_4_TRUE='#'
INSTALL_DATA='/usr/bin/install -c -m 644'
INSTALL_PROGRAM='/usr/bin/install -c'
INSTALL_SCRIPT='/usr/bin/install -c'
INSTALL_STRIP_PROGRAM='$(install_sh) -c -s'
LDFLAGS=''
LIBOBJS=''
LIBS=''
LTLIBOBJS=''
MAINT='#'
MAINTAINER_MODE_FALSE=''
MAINTAINER_MODE_TRUE='#'
MAKEINFO='/home/xedac/riku-newlib/newlib-2.5.0.20171222/missing makeinfo --split-size=5000000'
MAY_SUPPLY_SYSCALLS_FALSE='#'
MAY_SUPPLY_SYSCALLS_TRUE=''
MKDIR_P='/usr/bin/mkdir -p'
NEWLIB_CFLAGS=' -DMISSING_SYSCALL_NAMES -D_FORTIFY_SOURCE=0 -fno-builtin'
NO_INCLUDE_LIST=' rpc/types.h rpc/xdr.h'
OBJEXT='o'
PACKAGE='newlib'
PACKAGE_BUGREPORT=''
PACKAGE_NAME='newlib'
PACKAGE_STRING='newlib 2.5.0'
PACKAGE_TARNAME='newlib'
PACKAGE_URL=''
PACKAGE_VERSION='2.5.0'
PATH_SEPARATOR=':'
RANLIB='x86_64-riku-ranlib'
READELF='x86_64-riku-readelf'
SET_MAKE=''
SHELL='/bin/bash'
STRIP='x86_64-riku-strip'
USE_LIBTOOL_FALSE=''
USE_LIBTOOL_TRUE='#'
VERSION='2.5.0'
aext='a'
am__fastdepCC_FALSE='#'
am__fastdepCC_TRUE=''
am__include='include'
am__isrc=' -I$(srcdir)'
am__leading_dot='.'
am__quote=''
am__tar='${AMTAR} chof - "$$tardir"'
am__untar='${AMTAR} xf -'
bindir='${exec_prefix}/bin'
build='x86_64-pc-linux-gnu'
build_alias='x86_64-pc-linux-gnu'
build_cpu='x86_64'
build_os='linux-gnu'
build_vendor='pc'
datadir='${datarootdir}'
datarootdir='${prefix}/share'
docdir='${datarootdir}/doc/${PACKAGE_TARNAME}'
dvidir='${docdir}'
exec_prefix='${prefix}'
host='x86_64-pc-riku'
host_alias='x86_64-riku'
host_cpu='x86_64'
host_os='riku'
host_vendor='pc'
htmldir='${docdir}'
includedir='${prefix}/include'
infodir='${datarootdir}/info'
install_sh='${SHELL} /home/xedac/riku-newlib/newlib-2.5.0.20171222/install-sh'
libdir='${exec_prefix}/lib'
libexecdir='${exec_prefix}/libexec'
libm_machine_dir=''
localedir='${datarootdir}/locale'
localstatedir='${prefix}/var'
lpfx='lib_a-'
machine_dir='x86_64'
mandir='${datarootdir}/man'
mkdir_p='/usr/bin/mkdir -p'
newlib_basedir='../../../../../../newlib-2.5.0.20171222/newlib/libc/sys/riku/../../..'
oext='o'
oldincludedir='/usr/include'
pdfdir='${docdir}'
prefix='/usr'
program_transform_name='s&^&x86_64-riku-&'
psdir='${docdir}'
sbindir='${exec_prefix}/sbin'
sharedstatedir='${prefix}/com'
sys_dir='riku'
sysconfdir='${prefix}/etc'
target_alias='x86_64-riku'

## ----------- ##
## confdefs.h. ##
## ----------- ##

/* confdefs.h */
#define PACKAGE_NAME "newlib"
#define PACKAGE_TARNAME "newlib"
#define PACKAGE_VERSION "2.5.0"
#define PACKAGE_STRING "newlib 2.5.0"
#define PACKAGE_BUGREPORT ""
#define PACKAGE_URL ""

configure: exit 0
