This file contains any messages produced by compilers while
running configure, to aid debugging if configure makes a mistake.

It was created by configure, which was
generated by GNU Autoconf 2.61.  Invocation command line was

  $ ../../../../newlib-2.5.0.20171222/libgloss/doc/configure --disable-option-checking --prefix=/usr --with-newlib --with-cross-host=x86_64-pc-linux-gnu --disable-multilib --program-transform-name=s&^&x86_64-riku-& --with-target-subdir=x86_64-riku --build=x86_64-pc-linux-gnu --host=x86_64-riku --target=x86_64-riku build_alias=x86_64-pc-linux-gnu host_alias=x86_64-riku target_alias=x86_64-riku --cache-file=.././config.cache --srcdir=../../../../newlib-2.5.0.20171222/libgloss/doc

## --------- ##
## Platform. ##
## --------- ##

hostname = PC-Quentin
uname -m = x86_64
uname -r = 5.15.153.1-microsoft-standard-WSL2
uname -s = Linux
uname -v = #1 SMP Fri Mar 29 23:14:13 UTC 2024

/usr/bin/uname -p = x86_64
/bin/uname -X     = unknown

/bin/arch              = x86_64
/usr/bin/arch -k       = unknown
/usr/convex/getsysinfo = unknown
/usr/bin/hostinfo      = unknown
/bin/machine           = unknown
/usr/bin/oslevel       = unknown
/bin/universe          = unknown

PATH: /home/xedac/bin/bin
PATH: /home/xedac/bin
PATH: /usr/local/sbin
PATH: /usr/local/bin
PATH: /usr/sbin
PATH: /usr/bin
PATH: /sbin
PATH: /bin
PATH: /usr/games
PATH: /usr/local/games
PATH: /snap/bin
PATH: /mnt/c/Users/Quentin/AppData/Local/Programs/Microsoft VS Code/bin/
PATH: /mnt/c/Users/Quentin/AppData/Local/Programs/Microsoft VS Code/bin/
PATH: /mnt/c/Users/Quentin/AppData/Local/Programs/Microsoft VS Code/bin/


## ----------- ##
## Core tests. ##
## ----------- ##

configure:1525: loading cache .././config.cache
configure:1692: checking for a BSD-compatible install
configure:1748: result: /usr/bin/install -c
configure:1884: creating ./config.status

## ---------------------- ##
## Running config.status. ##
## ---------------------- ##

This file was extended by config.status, which was
generated by GNU Autoconf 2.61.  Invocation command line was

  CONFIG_FILES    = 
  CONFIG_HEADERS  = 
  CONFIG_LINKS    = 
  CONFIG_COMMANDS = 
  $ ./config.status 

on PC-Quentin

config.status:568: creating Makefile

## ---------------- ##
## Cache variables. ##
## ---------------- ##

ac_cv_build=x86_64-pc-linux-gnu
ac_cv_c_compiler_gnu=yes
ac_cv_env_CCASFLAGS_set=
ac_cv_env_CCASFLAGS_value=
ac_cv_env_CCAS_set=
ac_cv_env_CCAS_value=
ac_cv_env_build_alias_set=set
ac_cv_env_build_alias_value=x86_64-pc-linux-gnu
ac_cv_env_host_alias_set=set
ac_cv_env_host_alias_value=x86_64-riku
ac_cv_env_target_alias_set=set
ac_cv_env_target_alias_value=x86_64-riku
ac_cv_host=x86_64-pc-riku
ac_cv_prog_AR=x86_64-riku-ar
ac_cv_prog_AWK=gawk
ac_cv_prog_CC='x86_64-riku-cc -B/home/xedac/riku-newlib/build-newlib/x86_64-riku/newlib/ -isystem /home/xedac/riku-newlib/build-newlib/x86_64-riku/newlib/targ-include -isystem /home/xedac/riku-newlib/newlib-2.5.0.20171222/newlib/libc/include -B/home/xedac/riku-newlib/build-newlib/x86_64-riku/libgloss/x86_64 -L/home/xedac/riku-newlib/build-newlib/x86_64-riku/libgloss/libnosys -L/home/xedac/riku-newlib/newlib-2.5.0.20171222/libgloss/x86_64   '
ac_cv_prog_RANLIB=x86_64-riku-ranlib
ac_cv_prog_STRIP=x86_64-riku-strip
ac_cv_prog_cc_g=no
ac_cv_prog_make_make_set=yes
ac_cv_target=x86_64-pc-riku
am_cv_CC_dependencies_compiler_type=gcc3

## ----------------- ##
## Output variables. ##
## ----------------- ##

DEFS='-DPACKAGE_NAME=\"\" -DPACKAGE_TARNAME=\"\" -DPACKAGE_VERSION=\"\" -DPACKAGE_STRING=\"\" -DPACKAGE_BUGREPORT=\"\"'
ECHO_C=''
ECHO_N='-n'
ECHO_T=''
INSTALL_DATA='/usr/bin/install -c -m 644'
INSTALL_PROGRAM='/usr/bin/install -c'
INSTALL_SCRIPT='/usr/bin/install -c'
LIBOBJS=''
LIBS=''
LTLIBOBJS=''
PACKAGE_BUGREPORT=''
PACKAGE_NAME=''
PACKAGE_STRING=''
PACKAGE_TARNAME=''
PACKAGE_VERSION=''
PATH_SEPARATOR=':'
SHELL='/bin/bash'
bindir='${exec_prefix}/bin'
build_alias='x86_64-pc-linux-gnu'
datadir='${datarootdir}'
datarootdir='${prefix}/share'
docdir='${datarootdir}/doc/${PACKAGE}'
dvidir='${docdir}'
exec_prefix='${prefix}'
host_alias='x86_64-riku'
htmldir='${docdir}'
includedir='${prefix}/include'
infodir='${datarootdir}/info'
libdir='${exec_prefix}/lib'
libexecdir='${exec_prefix}/libexec'
localedir='${datarootdir}/locale'
localstatedir='${prefix}/var'
mandir='${datarootdir}/man'
oldincludedir='/usr/include'
pdfdir='${docdir}'
prefix='/usr'
program_transform_name='s&^&x86_64-riku-&'
psdir='${docdir}'
sbindir='${exec_prefix}/sbin'
sharedstatedir='${prefix}/com'
sysconfdir='${prefix}/etc'
target_alias='x86_64-riku'

## ----------- ##
## confdefs.h. ##
## ----------- ##

#define PACKAGE_NAME ""
#define PACKAGE_TARNAME ""
#define PACKAGE_VERSION ""
#define PACKAGE_STRING ""
#define PACKAGE_BUGREPORT ""

configure: exit 0
